<?xml version="1.0" encoding="UTF-8"?>
<testsuite xmlns:xsi="http://www.w3.org/2001/XMLSchema-instance" xsi:noNamespaceSchemaLocation="https://maven.apache.org/surefire/maven-surefire-plugin/xsd/surefire-test-report-3.0.xsd" version="3.0" name="TestSuite" time="0.891" tests="1" errors="0" skipped="0" failures="0">
  <properties>
    <property name="java.specification.version" value="18"/>
    <property name="sun.jnu.encoding" value="UTF-8"/>
    <property name="java.class.path" value="/Users/saranya/eclipse-workspace/extentdemo/target/test-classes:/Users/saranya/eclipse-workspace/extentdemo/target/classes:/Users/saranya/.m2/repository/org/testng/testng/7.8.0/testng-7.8.0.jar:/Users/saranya/.m2/repository/org/slf4j/slf4j-api/1.7.36/slf4j-api-1.7.36.jar:/Users/saranya/.m2/repository/com/beust/jcommander/1.82/jcommander-1.82.jar:/Users/saranya/.m2/repository/org/webjars/jquery/3.6.1/jquery-3.6.1.jar:/Users/saranya/.m2/repository/com/aventstack/extentreports/4.1.7/extentreports-4.1.7.jar:/Users/saranya/.m2/repository/org/freemarker/freemarker/2.3.29/freemarker-2.3.29.jar:/Users/saranya/.m2/repository/org/apache/httpcomponents/httpclient/4.5.2/httpclient-4.5.2.jar:/Users/saranya/.m2/repository/org/apache/httpcomponents/httpcore/4.4.4/httpcore-4.4.4.jar:/Users/saranya/.m2/repository/commons-logging/commons-logging/1.2/commons-logging-1.2.jar:/Users/saranya/.m2/repository/commons-codec/commons-codec/1.9/commons-codec-1.9.jar:/Users/saranya/.m2/repository/org/apache/httpcomponents/httpmime/4.5.2/httpmime-4.5.2.jar:/Users/saranya/.m2/repository/com/google/code/gson/gson/2.8.6/gson-2.8.6.jar:/Users/saranya/.m2/repository/org/mongodb/mongodb-driver/3.12.0/mongodb-driver-3.12.0.jar:/Users/saranya/.m2/repository/org/mongodb/mongodb-driver-core/3.12.0/mongodb-driver-core-3.12.0.jar:/Users/saranya/.m2/repository/org/mongodb/bson/3.12.0/bson-3.12.0.jar:/Users/saranya/.m2/repository/io/rest-assured/rest-assured/5.3.1/rest-assured-5.3.1.jar:/Users/saranya/.m2/repository/org/apache/groovy/groovy/4.0.11/groovy-4.0.11.jar:/Users/saranya/.m2/repository/org/apache/groovy/groovy-xml/4.0.11/groovy-xml-4.0.11.jar:/Users/saranya/.m2/repository/org/hamcrest/hamcrest/2.2/hamcrest-2.2.jar:/Users/saranya/.m2/repository/org/ccil/cowan/tagsoup/tagsoup/1.2.1/tagsoup-1.2.1.jar:/Users/saranya/.m2/repository/io/rest-assured/json-path/5.3.1/json-path-5.3.1.jar:/Users/saranya/.m2/repository/org/apache/groovy/groovy-json/4.0.11/groovy-json-4.0.11.jar:/Users/saranya/.m2/repository/io/rest-assured/rest-assured-common/5.3.1/rest-assured-common-5.3.1.jar:/Users/saranya/.m2/repository/io/rest-assured/xml-path/5.3.1/xml-path-5.3.1.jar:/Users/saranya/.m2/repository/org/apache/commons/commons-lang3/3.11/commons-lang3-3.11.jar:"/>
    <property name="java.vm.vendor" value="Amazon.com Inc."/>
    <property name="sun.arch.data.model" value="64"/>
    <property name="java.vendor.url" value="https://aws.amazon.com/corretto/"/>
    <property name="user.timezone" value="Asia/Kolkata"/>
    <property name="os.name" value="Mac OS X"/>
    <property name="java.vm.specification.version" value="18"/>
    <property name="sun.java.launcher" value="SUN_STANDARD"/>
    <property name="user.country" value="IN"/>
    <property name="sun.boot.library.path" value="/Users/saranya/Library/Java/JavaVirtualMachines/corretto-18.0.2/Contents/Home/lib"/>
    <property name="sun.java.command" value="/Users/saranya/eclipse-workspace/extentdemo/target/surefire/surefirebooter641870796981114439.jar /Users/saranya/eclipse-workspace/extentdemo/target/surefire 2023-08-17T20-56-53_367-jvmRun1 surefire11325443751323440792tmp surefire_013417736416064829840tmp"/>
    <property name="jdk.debug" value="release"/>
    <property name="surefire.test.class.path" value="/Users/saranya/eclipse-workspace/extentdemo/target/test-classes:/Users/saranya/eclipse-workspace/extentdemo/target/classes:/Users/saranya/.m2/repository/org/testng/testng/7.8.0/testng-7.8.0.jar:/Users/saranya/.m2/repository/org/slf4j/slf4j-api/1.7.36/slf4j-api-1.7.36.jar:/Users/saranya/.m2/repository/com/beust/jcommander/1.82/jcommander-1.82.jar:/Users/saranya/.m2/repository/org/webjars/jquery/3.6.1/jquery-3.6.1.jar:/Users/saranya/.m2/repository/com/aventstack/extentreports/4.1.7/extentreports-4.1.7.jar:/Users/saranya/.m2/repository/org/freemarker/freemarker/2.3.29/freemarker-2.3.29.jar:/Users/saranya/.m2/repository/org/apache/httpcomponents/httpclient/4.5.2/httpclient-4.5.2.jar:/Users/saranya/.m2/repository/org/apache/httpcomponents/httpcore/4.4.4/httpcore-4.4.4.jar:/Users/saranya/.m2/repository/commons-logging/commons-logging/1.2/commons-logging-1.2.jar:/Users/saranya/.m2/repository/commons-codec/commons-codec/1.9/commons-codec-1.9.jar:/Users/saranya/.m2/repository/org/apache/httpcomponents/httpmime/4.5.2/httpmime-4.5.2.jar:/Users/saranya/.m2/repository/com/google/code/gson/gson/2.8.6/gson-2.8.6.jar:/Users/saranya/.m2/repository/org/mongodb/mongodb-driver/3.12.0/mongodb-driver-3.12.0.jar:/Users/saranya/.m2/repository/org/mongodb/mongodb-driver-core/3.12.0/mongodb-driver-core-3.12.0.jar:/Users/saranya/.m2/repository/org/mongodb/bson/3.12.0/bson-3.12.0.jar:/Users/saranya/.m2/repository/io/rest-assured/rest-assured/5.3.1/rest-assured-5.3.1.jar:/Users/saranya/.m2/repository/org/apache/groovy/groovy/4.0.11/groovy-4.0.11.jar:/Users/saranya/.m2/repository/org/apache/groovy/groovy-xml/4.0.11/groovy-xml-4.0.11.jar:/Users/saranya/.m2/repository/org/hamcrest/hamcrest/2.2/hamcrest-2.2.jar:/Users/saranya/.m2/repository/org/ccil/cowan/tagsoup/tagsoup/1.2.1/tagsoup-1.2.1.jar:/Users/saranya/.m2/repository/io/rest-assured/json-path/5.3.1/json-path-5.3.1.jar:/Users/saranya/.m2/repository/org/apache/groovy/groovy-json/4.0.11/groovy-json-4.0.11.jar:/Users/saranya/.m2/repository/io/rest-assured/rest-assured-common/5.3.1/rest-assured-common-5.3.1.jar:/Users/saranya/.m2/repository/io/rest-assured/xml-path/5.3.1/xml-path-5.3.1.jar:/Users/saranya/.m2/repository/org/apache/commons/commons-lang3/3.11/commons-lang3-3.11.jar:"/>
    <property name="sun.cpu.endian" value="little"/>
    <property name="user.home" value="/Users/saranya"/>
    <property name="user.language" value="en"/>
    <property name="java.specification.vendor" value="Oracle Corporation"/>
    <property name="java.version.date" value="2022-07-19"/>
    <property name="java.home" value="/Users/saranya/Library/Java/JavaVirtualMachines/corretto-18.0.2/Contents/Home"/>
    <property name="file.separator" value="/"/>
    <property name="basedir" value="/Users/saranya/eclipse-workspace/extentdemo"/>
    <property name="java.vm.compressedOopsMode" value="Zero based"/>
    <property name="line.separator" value="&#10;"/>
    <property name="java.vm.specification.vendor" value="Oracle Corporation"/>
    <property name="java.specification.name" value="Java Platform API Specification"/>
    <property name="apple.awt.application.name" value="ForkedBooter"/>
    <property name="surefire.real.class.path" value="/Users/saranya/eclipse-workspace/extentdemo/target/surefire/surefirebooter641870796981114439.jar"/>
    <property name="sun.management.compiler" value="HotSpot 64-Bit Tiered Compilers"/>
    <property name="java.runtime.version" value="18.0.2+9-FR"/>
    <property name="user.name" value="saranya"/>
    <property name="path.separator" value=":"/>
    <property name="os.version" value="12.6.2"/>
    <property name="java.runtime.name" value="OpenJDK Runtime Environment"/>
    <property name="file.encoding" value="UTF-8"/>
    <property name="java.vm.name" value="OpenJDK 64-Bit Server VM"/>
    <property name="java.vendor.version" value="Corretto-18.0.2.9.1"/>
    <property name="localRepository" value="/Users/saranya/.m2/repository"/>
    <property name="java.vendor.url.bug" value="https://github.com/corretto/corretto-18/issues/"/>
    <property name="java.io.tmpdir" value="/var/folders/n1/mrt88mnx4_b63glyfyqz6ysh0000gp/T/"/>
    <property name="java.version" value="18.0.2"/>
    <property name="user.dir" value="/Users/saranya/eclipse-workspace/extentdemo"/>
    <property name="os.arch" value="aarch64"/>
    <property name="java.vm.specification.name" value="Java Virtual Machine Specification"/>
    <property name="native.encoding" value="UTF-8"/>
    <property name="java.library.path" value="/Users/saranya/Library/Java/Extensions:/Library/Java/Extensions:/Network/Library/Java/Extensions:/System/Library/Java/Extensions:/usr/lib/java:."/>
    <property name="java.vm.info" value="mixed mode, sharing"/>
    <property name="java.vendor" value="Amazon.com Inc."/>
    <property name="java.vm.version" value="18.0.2+9-FR"/>
    <property name="sun.io.unicode.encoding" value="UnicodeBig"/>
    <property name="java.class.version" value="62.0"/>
  </properties>
  <testcase name="testmethod" classname="com.extentdemo.testclass" time="0.549">
    <system-out><![CDATA[200
test method
]]></system-out>
    <system-err><![CDATA[SLF4J: Failed to load class "org.slf4j.impl.StaticLoggerBinder".
SLF4J: Defaulting to no-operation (NOP) logger implementation
SLF4J: See http://www.slf4j.org/codes.html#StaticLoggerBinder for further details.
]]></system-err>
  </testcase>
</testsuite>