<?xml version="1.0" encoding="UTF-8"?>
<!-- Generated by org.testng.reporters.JUnitReportReporter -->
<testsuite hostname="BLRMAC98" failures="0" tests="1" name="com.extentdemo.testclass" time="28.799" errors="0" timestamp="2023-08-17T20:55:40 IST" skipped="0">
  <testcase classname="com.extentdemo.testclass" name="testmethod" time="28.799"/>
</testsuite> <!-- com.extentdemo.testclass -->
