<?xml version="1.0" encoding="UTF-8"?>
<!-- Generated by org.testng.reporters.JUnitReportReporter -->
<testsuite hostname="BLRMAC98" failures="0" tests="1" name="testclass" time="2.098" errors="0" timestamp="2023-08-17T20:30:26 IST" skipped="0">
  <testcase classname="testclass" name="testmethod" time="2.098"/>
</testsuite> <!-- testclass -->
