<?xml version="1.0" encoding="UTF-8"?>
<!-- Generated by org.testng.reporters.JUnitReportReporter -->
<testsuite hostname="BLRMAC98" failures="0" tests="1" name="com.extentdemo.testclass" time="0.549" errors="0" timestamp="2023-08-17T20:56:54 IST" skipped="0">
  <testcase classname="com.extentdemo.testclass" name="testmethod" time="0.549"/>
</testsuite> <!-- com.extentdemo.testclass -->
